directloadtest/build/outputs/mapping/release/mapping.txt
ml.qingsu.test.Mainjava$16$1$1$1$1$1 -> ml.qingsu.test.ai:
    ml.qingsu.test.Mainjava$16$1$1$1$1 this$5 -> a
    void <init>(ml.qingsu.test.Mainjava$16$1$1$1$1) -> <init>
    void run() -> run
ml.qingsu.test.Mainjava$16$1$1$2 -> ml.qingsu.test.aj:
    android.app.AlertDialog$Builder val$adb -> a
    ml.qingsu.test.Mainjava$16$1$1 this$3 -> b
    void <init>(ml.qingsu.test.Mainjava$16$1$1,android.app.AlertDialog$Builder) -> <init>
    void onClick(android.content.DialogInterface,int) -> onClick
ml.qingsu.test.Mainjava$16$1$1$3 -> ml.qingsu.test.ak:
    android.app.AlertDialog$Builder val$adb -> a
    ml.qingsu.test.Mainjava$16$1$1 this$3 -> b
    void <init>(ml.qingsu.test.Mainjava$16$1$1,android.app.AlertDialog$Builder) -> <init>
    void onClick(android.content.DialogInterface,int) -> onClick
ml.qingsu.test.Mainjava$16$1$1$3$1 -> ml.qingsu.test.al:
    ml.qingsu.test.Mainjava$16$1$1$3 this$4 -> a
    void <init>(ml.qingsu.test.Mainjava$16$1$1$3) -> <init>
    void run() -> run
ml.qingsu.test.Mainjava$17 -> ml.qingsu.test.am:
    ml.qingsu.test.Mainjava this$0 -> a
    void <init>(ml.qingsu.test.Mainjava) -> <init>
    void onInput(java.lang.String) -> a
ml.qingsu.test.Mainjava$17$1 -> ml.qingsu.test.an:
    java.lang.String val$text -> a
    ml.qingsu.test.Mainjava$17 this$1 -> b
    void <init>(ml.qingsu.test.Mainjava$17,java.lang.String) -> <init>
    void onInput(java.lang.String) -> a
ml.qingsu.test.Mainjava$17$1$1 -> ml.qingsu.test.ao:
    java.lang.String val$text1 -> a
    ml.qingsu.test.Mainjava$17$1 this$2 -> b
    void <init>(ml.qingsu.test.Mainjava$17$1,java.lang.String) -> <init>
    void run() -> run
ml.qingsu.test.Mainjava$17$1$1$1 -> ml.qingsu.test.ap:
    ml.qingsu.test.Mainjava$17$1$1 this$3 -> a
    void <init>(ml.qingsu.test.Mainjava$17$1$1) -> <init>
    void run() -> run
ml.qingsu.test.Mainjava$18 -> ml.qingsu.test.aq:
    ml.qingsu.test.Mainjava this$0 -> a
    void <init>(ml.qingsu.test.Mainjava) -> <init>
    void onInput(java.lang.String) -> a
ml.qingsu.test.Mainjava$19 -> ml.qingsu.test.ar:
    ml.qingsu.test.Mainjava this$0 -> a
    void <init>(ml.qingsu.test.Mainjava) -> <init>
    void onClick(android.content.DialogInterface,int) -> onClick
ml.qingsu.test.Mainjava$2 -> ml.qingsu.test.as:
    ml.qingsu.test.Mainjava this$0 -> a
    void <init>(ml.qingsu.test.Mainjava) -> <init>
    void onInput(java.lang.String) -> a
ml.qingsu.test.Mainjava$20 -> ml.qingsu.test.at:
    ml.qingsu.test.Mainjava this$0 -> a
    void <init>(ml.qingsu.test.Mainjava) -> <init>
    void onInput(java.lang.String) -> a
ml.qingsu.test.Mainjava$20$1 -> ml.qingsu.test.au:
    ml.qingsu.test.Mainjava$20 this$1 -> a
    void <init>(ml.qingsu.test.Mainjava$20) -> <init>
    void onGet(java.lang.String) -> a
ml.qingsu.test.Mainjava$21 -> ml.qingsu.test.av:
    ml.qingsu.test.Mainjava this$0 -> a
    void <init>(ml.qingsu.test.Mainjava) -> <init>
    void onItemClick(android.widget.AdapterView,android.view.View,int,long) -> onItemClick
ml.qingsu.test.Mainjava$3 -> ml.qingsu.test.aw:
    ml.qingsu.test.Mainjava this$0 -> a
    void <init>(ml.qingsu.test.Mainjava) -> <init>
    void onInput(java.lang.String) -> a
    ml.qingsu.test.Tools$LaquanquanCallBack la_quan_quan_OnCallBack() -> a
ml.qingsu.test.Mainjava$3$1 -> ml.qingsu.test.ax:
    ml.qingsu.test.Mainjava$3 this$1 -> a
    void <init>(ml.qingsu.test.Mainjava$3) -> <init>
    void finished(boolean) -> a
ml.qingsu.test.Mainjava$3$1$1 -> ml.qingsu.test.ay:
    boolean val$laquanquan_finished -> a
    ml.qingsu.test.Mainjava$3$1 this$2 -> b
    void <init>(ml.qingsu.test.Mainjava$3$1,boolean) -> <init>
    void run() -> run
ml.qingsu.test.Mainjava$4 -> ml.qingsu.test.az:
    ml.qingsu.test.Mainjava this$0 -> a
    void <init>(ml.qingsu.test.Mainjava) -> <init>
    void onInput(java.lang.String) -> a