directloadtest/build/outputs/mapping/release/usage.txt
com.example.directloadtest.BuildConfig
com.example.directloadtest.R
com.example.directloadtest.R$attr
com.example.directloadtest.R$dimen
com.example.directloadtest.R$drawable
com.example.directloadtest.R$id
com.example.directloadtest.R$layout
com.example.directloadtest.R$menu
com.example.directloadtest.R$string
com.example.directloadtest.R$style
com.example.directloadtest.R$styleable
com.example.directloadtest.R$xml
...
com.google.zxing.oned.rss.expanded.BitArrayBuilder
com.google.zxing.oned.rss.expanded.ExpandedPair
com.google.zxing.oned.rss.expanded.RSSExpandedReader
com.google.zxing.oned.rss.expanded.decoders.AI013103decoder
com.google.zxing.oned.rss.expanded.decoders.AI01320xDecoder
com.google.zxing.oned.rss.expanded.decoders.AI01392xDecoder
com.google.zxing.oned.rss.expanded.decoders.AI01393xDecoder
com.google.zxing.oned.rss.expanded.decoders.AI013x0x1xDecoder
com.google.zxing.oned.rss.expanded.decoders.AI013x0xDecoder
com.google.zxing.oned.rss.expanded.decoders.AI01AndOtherAIs
com.google.zxing.oned.rss.expanded.decoders.AI01decoder
com.google.zxing.oned.rss.expanded.decoders.AI01weightDecoder
com.google.zxing.oned.rss.expanded.decoders.AbstractExpandedDecoder
com.google.zxing.oned.rss.expanded.decoders.AnyAIDecoder
com.google.zxing.oned.rss.expanded.decoders.BlockParsedResult
com.google.zxing.oned.rss.expanded.decoders.CurrentParsingState
com.google.zxing.oned.rss.expanded.decoders.DecodedChar
com.google.zxing.oned.rss.expanded.decoders.DecodedInformation
com.google.zxing.oned.rss.expanded.decoders.DecodedNumeric
com.google.zxing.oned.rss.expanded.decoders.DecodedObject
com.google.zxing.oned.rss.expanded.decoders.FieldParser
com.google.zxing.oned.rss.expanded.decoders.GeneralAppIdDecoder
com.google.zxing.pdf417.PDF417Reader
com.google.zxing.pdf417.decoder.BitMatrixParser
com.google.zxing.pdf417.decoder.DecodedBitStreamParser
com.google.zxing.pdf417.decoder.Decoder
com.google.zxing.pdf417.detector.Detector
com.google.zxing.qrcode.QRCodeReader
com.google.zxing.qrcode.QRCodeWriter:
    private static final int QUIET_ZONE_SIZE
    43:43:public com.google.zxing.common.BitMatrix encode(java.lang.String,com.google.zxing.BarcodeFormat,int,int)
com.google.zxing.qrcode.decoder.BitMatrixParser
com.google.zxing.qrcode.decoder.DataBlock
com.google.zxing.qrcode.decoder.DataMask
com.google.zxing.qrcode.decoder.DataMask$1
com.google.zxing.qrcode.decoder.DataMask$DataMask000
com.google.zxing.qrcode.decoder.DataMask$DataMask001
com.google.zxing.qrcode.decoder.DataMask$DataMask010
com.google.zxing.qrcode.decoder.DataMask$DataMask011
com.google.zxing.qrcode.decoder.DataMask$DataMask100
com.google.zxing.qrcode.decoder.DataMask$DataMask101
com.google.zxing.qrcode.decoder.DataMask$DataMask110
com.google.zxing.qrcode.decoder.DataMask$DataMask111
com.google.zxing.qrcode.decoder.DecodedBitStreamParser
com.google.zxing.qrcode.decoder.Decoder
com.google.zxing.qrcode.decoder.ErrorCorrectionLevel:
    67:67:public java.lang.String getName()
    79:82:public static com.google.zxing.qrcode.decoder.ErrorCorrectionLevel forBits(int)
com.google.zxing.qrcode.decoder.FormatInformation
com.google.zxing.qrcode.decoder.Mode:
    55:75:public static com.google.zxing.qrcode.decoder.Mode forBits(int)
    105:105:public java.lang.String getName()
com.google.zxing.qrcode.decoder.Version:
    74:74:public int[] getAlignmentPatternCenters()
    97:103:public static com.google.zxing.qrcode.decoder.Version getProvisionalVersionForDimension(int)
    115:137:static com.google.zxing.qrcode.decoder.Version decodeVersionInformation(int)
    144:179:com.google.zxing.common.BitMatrix buildFunctionPattern()
com.google.zxing.qrcode.detector.AlignmentPattern
com.google.zxing.qrcode.detector.AlignmentPatternFinder
com.google.zxing.qrcode.detector.Detector
com.google.zxing.qrcode.detector.FinderPattern
com.google.zxing.qrcode.detector.FinderPatternFinder
com.google.zxing.qrcode.detector.FinderPatternFinder$CenterComparator
com.google.zxing.qrcode.detector.FinderPatternFinder$FurthestFromAverageComparator
com.google.zxing.qrcode.detector.FinderPatternInfo
com.google.zxing.qrcode.encoder.ByteMatrix:
    57:58:public void set(int,int,byte)